<?xml version="1.0" encoding="UTF-8"?>
<!-- Generated by org.testng.reporters.JUnitReportReporter -->
<testsuite skipped="0" hostname="Dell" name="test_scripts.Flipkart_AddProdToCart_IncreaseQuantity" tests="1" failures="0" timestamp="12 Dec 2019 05:17:19 GMT" time="55.995" errors="0">
  <testcase name="addIncreaseCartQuantity" time="55.995" classname="test_scripts.Flipkart_AddProdToCart_IncreaseQuantity"/>
</testsuite> <!-- test_scripts.Flipkart_AddProdToCart_IncreaseQuantity -->
