<?xml version="1.0" encoding="UTF-8"?>
<!-- Generated by org.testng.reporters.JUnitReportReporter -->
<testsuite skipped="0" hostname="Dell" name="test_scripts.Flipkart_Login" tests="1" failures="0" timestamp="12 Dec 2019 05:17:19 GMT" time="21.438" errors="0">
  <testcase name="login" time="21.438" classname="test_scripts.Flipkart_Login"/>
</testsuite> <!-- test_scripts.Flipkart_Login -->
