<?xml version="1.0" encoding="UTF-8"?>
<!-- Generated by org.testng.reporters.JUnitReportReporter -->
<testsuite skipped="0" hostname="Dell" name="test_scripts.Flipkart_Login_Logout" tests="1" failures="0" timestamp="12 Dec 2019 05:17:19 GMT" time="33.208" errors="0">
  <testcase name="loginLogout" time="33.208" classname="test_scripts.Flipkart_Login_Logout"/>
</testsuite> <!-- test_scripts.Flipkart_Login_Logout -->
